Analysis & Synthesis report for DE1_SoC
Mon Mar 10 10:12:36 2025
Quartus Prime Version 17.0.0 Build 595 04/25/2017 SJ Lite Edition


---------------------
; Table of Contents ;
---------------------
  1. Legal Notice
  2. Analysis & Synthesis Summary
  3. Analysis & Synthesis Settings
  4. Parallel Compilation
  5. Analysis & Synthesis Source Files Read
  6. Analysis & Synthesis Resource Usage Summary
  7. Analysis & Synthesis Resource Utilization by Entity
  8. Registers Removed During Synthesis
  9. General Register Statistics
 10. Multiplexer Restructuring Statistics (Restructuring Performed)
 11. Parameter Settings for User Entity Instance: LEDDriver:driver_inst
 12. Port Connectivity Checks: "LEDDriver:driver_inst"
 13. Port Connectivity Checks: "clock_divider:cdiv"
 14. Post-Synthesis Netlist Statistics for Top Partition
 15. Elapsed Time Per Partition
 16. Analysis & Synthesis Messages
 17. Analysis & Synthesis Suppressed Messages



----------------
; Legal Notice ;
----------------
Copyright (C) 2017  Intel Corporation. All rights reserved.
Your use of Intel Corporation's design tools, logic functions 
and other software and tools, and its AMPP partner logic 
functions, and any output files from any of the foregoing 
(including device programming or simulation files), and any 
associated documentation or information are expressly subject 
to the terms and conditions of the Intel Program License 
Subscription Agreement, the Intel Quartus Prime License Agreement,
the Intel MegaCore Function License Agreement, or other 
applicable license agreement, including, without limitation, 
that your use is for the sole purpose of programming logic 
devices manufactured by Intel and sold by Intel or its 
authorized distributors.  Please refer to the applicable 
agreement for further details.



+-------------------------------------------------------------------------------+
; Analysis & Synthesis Summary                                                  ;
+---------------------------------+---------------------------------------------+
; Analysis & Synthesis Status     ; Successful - Mon Mar 10 10:12:35 2025       ;
; Quartus Prime Version           ; 17.0.0 Build 595 04/25/2017 SJ Lite Edition ;
; Revision Name                   ; DE1_SoC                                     ;
; Top-level Entity Name           ; DE1_SoC                                     ;
; Family                          ; Cyclone V                                   ;
; Logic utilization (in ALMs)     ; N/A                                         ;
; Total registers                 ; 108                                         ;
; Total pins                      ; 103                                         ;
; Total virtual pins              ; 0                                           ;
; Total block memory bits         ; 0                                           ;
; Total DSP Blocks                ; 0                                           ;
; Total HSSI RX PCSs              ; 0                                           ;
; Total HSSI PMA RX Deserializers ; 0                                           ;
; Total HSSI TX PCSs              ; 0                                           ;
; Total HSSI PMA TX Serializers   ; 0                                           ;
; Total PLLs                      ; 0                                           ;
; Total DLLs                      ; 0                                           ;
+---------------------------------+---------------------------------------------+


+---------------------------------------------------------------------------------------------------------------------------+
; Analysis & Synthesis Settings                                                                                             ;
+---------------------------------------------------------------------------------+--------------------+--------------------+
; Option                                                                          ; Setting            ; Default Value      ;
+---------------------------------------------------------------------------------+--------------------+--------------------+
; Device                                                                          ; 5CSEMA5F31C6       ;                    ;
; Top-level entity name                                                           ; DE1_SoC            ; DE1_SoC            ;
; Family name                                                                     ; Cyclone V          ; Cyclone V          ;
; State Machine Processing                                                        ; User-Encoded       ; Auto               ;
; Use smart compilation                                                           ; Off                ; Off                ;
; Enable parallel Assembler and TimeQuest Timing Analyzer during compilation      ; On                 ; On                 ;
; Enable compact report table                                                     ; Off                ; Off                ;
; Restructure Multiplexers                                                        ; Auto               ; Auto               ;
; MLAB Add Timing Constraints For Mixed-Port Feed-Through Mode Setting Don't Care ; Off                ; Off                ;
; Create Debugging Nodes for IP Cores                                             ; Off                ; Off                ;
; Preserve fewer node names                                                       ; On                 ; On                 ;
; OpenCore Plus hardware evaluation                                               ; Enable             ; Enable             ;
; Verilog Version                                                                 ; Verilog_2001       ; Verilog_2001       ;
; VHDL Version                                                                    ; VHDL_1993          ; VHDL_1993          ;
; Safe State Machine                                                              ; Off                ; Off                ;
; Extract Verilog State Machines                                                  ; On                 ; On                 ;
; Extract VHDL State Machines                                                     ; On                 ; On                 ;
; Ignore Verilog initial constructs                                               ; Off                ; Off                ;
; Iteration limit for constant Verilog loops                                      ; 5000               ; 5000               ;
; Iteration limit for non-constant Verilog loops                                  ; 250                ; 250                ;
; Add Pass-Through Logic to Inferred RAMs                                         ; On                 ; On                 ;
; Infer RAMs from Raw Logic                                                       ; On                 ; On                 ;
; Parallel Synthesis                                                              ; On                 ; On                 ;
; DSP Block Balancing                                                             ; Auto               ; Auto               ;
; NOT Gate Push-Back                                                              ; On                 ; On                 ;
; Power-Up Don't Care                                                             ; On                 ; On                 ;
; Remove Redundant Logic Cells                                                    ; Off                ; Off                ;
; Remove Duplicate Registers                                                      ; On                 ; On                 ;
; Ignore CARRY Buffers                                                            ; Off                ; Off                ;
; Ignore CASCADE Buffers                                                          ; Off                ; Off                ;
; Ignore GLOBAL Buffers                                                           ; Off                ; Off                ;
; Ignore ROW GLOBAL Buffers                                                       ; Off                ; Off                ;
; Ignore LCELL Buffers                                                            ; Off                ; Off                ;
; Ignore SOFT Buffers                                                             ; On                 ; On                 ;
; Limit AHDL Integers to 32 Bits                                                  ; Off                ; Off                ;
; Optimization Technique                                                          ; Balanced           ; Balanced           ;
; Carry Chain Length                                                              ; 70                 ; 70                 ;
; Auto Carry Chains                                                               ; On                 ; On                 ;
; Auto Open-Drain Pins                                                            ; On                 ; On                 ;
; Perform WYSIWYG Primitive Resynthesis                                           ; Off                ; Off                ;
; Auto ROM Replacement                                                            ; On                 ; On                 ;
; Auto RAM Replacement                                                            ; On                 ; On                 ;
; Auto DSP Block Replacement                                                      ; On                 ; On                 ;
; Auto Shift Register Replacement                                                 ; Auto               ; Auto               ;
; Allow Shift Register Merging across Hierarchies                                 ; Auto               ; Auto               ;
; Auto Clock Enable Replacement                                                   ; On                 ; On                 ;
; Strict RAM Replacement                                                          ; Off                ; Off                ;
; Allow Synchronous Control Signals                                               ; On                 ; On                 ;
; Force Use of Synchronous Clear Signals                                          ; Off                ; Off                ;
; Auto Resource Sharing                                                           ; Off                ; Off                ;
; Allow Any RAM Size For Recognition                                              ; Off                ; Off                ;
; Allow Any ROM Size For Recognition                                              ; Off                ; Off                ;
; Allow Any Shift Register Size For Recognition                                   ; Off                ; Off                ;
; Use LogicLock Constraints during Resource Balancing                             ; On                 ; On                 ;
; Ignore translate_off and synthesis_off directives                               ; Off                ; Off                ;
; Timing-Driven Synthesis                                                         ; On                 ; On                 ;
; Report Parameter Settings                                                       ; On                 ; On                 ;
; Report Source Assignments                                                       ; On                 ; On                 ;
; Report Connectivity Checks                                                      ; On                 ; On                 ;
; Ignore Maximum Fan-Out Assignments                                              ; Off                ; Off                ;
; Synchronization Register Chain Length                                           ; 3                  ; 3                  ;
; PowerPlay Power Optimization During Synthesis                                   ; Normal compilation ; Normal compilation ;
; HDL message level                                                               ; Level2             ; Level2             ;
; Suppress Register Optimization Related Messages                                 ; Off                ; Off                ;
; Number of Removed Registers Reported in Synthesis Report                        ; 5000               ; 5000               ;
; Number of Swept Nodes Reported in Synthesis Report                              ; 5000               ; 5000               ;
; Number of Inverted Registers Reported in Synthesis Report                       ; 100                ; 100                ;
; Clock MUX Protection                                                            ; On                 ; On                 ;
; Auto Gated Clock Conversion                                                     ; Off                ; Off                ;
; Block Design Naming                                                             ; Auto               ; Auto               ;
; SDC constraint protection                                                       ; Off                ; Off                ;
; Synthesis Effort                                                                ; Auto               ; Auto               ;
; Shift Register Replacement - Allow Asynchronous Clear Signal                    ; On                 ; On                 ;
; Pre-Mapping Resynthesis Optimization                                            ; Off                ; Off                ;
; Analysis & Synthesis Message Level                                              ; Medium             ; Medium             ;
; Disable Register Merging Across Hierarchies                                     ; Auto               ; Auto               ;
; Resource Aware Inference For Block RAM                                          ; On                 ; On                 ;
; Automatic Parallel Synthesis                                                    ; On                 ; On                 ;
; Partial Reconfiguration Bitstream ID                                            ; Off                ; Off                ;
+---------------------------------------------------------------------------------+--------------------+--------------------+


+------------------------------------------+
; Parallel Compilation                     ;
+----------------------------+-------------+
; Processors                 ; Number      ;
+----------------------------+-------------+
; Number detected on machine ; 12          ;
; Maximum allowed            ; 6           ;
;                            ;             ;
; Average used               ; 1.00        ;
; Maximum used               ; 6           ;
;                            ;             ;
; Usage by Processor         ; % Time Used ;
;     Processor 1            ; 100.0%      ;
;     Processors 2-6         ;   0.0%      ;
+----------------------------+-------------+


+--------------------------------------------------------------------------------------------------------------------------------------------+
; Analysis & Synthesis Source Files Read                                                                                                     ;
+----------------------------------+-----------------+------------------------------+----------------------------------------------+---------+
; File Name with User-Entered Path ; Used in Netlist ; File Type                    ; File Name with Absolute Path                 ; Library ;
+----------------------------------+-----------------+------------------------------+----------------------------------------------+---------+
; DE1_SoC.sv                       ; yes             ; User SystemVerilog HDL File  ; U:/EE271labs/Lab8/Labfiles/DE1_SoC.sv        ;         ;
; clock_divider.sv                 ; yes             ; User SystemVerilog HDL File  ; U:/EE271labs/Lab8/Labfiles/clock_divider.sv  ;         ;
; LEDDriver.sv                     ; yes             ; User SystemVerilog HDL File  ; U:/EE271labs/Lab8/Labfiles/LEDDriver.sv      ;         ;
; FroggerGame.sv                   ; yes             ; User SystemVerilog HDL File  ; U:/EE271labs/Lab8/Labfiles/FroggerGame.sv    ;         ;
; VictoryCounter.sv                ; yes             ; User SystemVerilog HDL File  ; U:/EE271labs/Lab8/Labfiles/VictoryCounter.sv ;         ;
; CarController.sv                 ; yes             ; User SystemVerilog HDL File  ; U:/EE271labs/Lab8/Labfiles/CarController.sv  ;         ;
; User_Input.sv                    ; yes             ; User SystemVerilog HDL File  ; U:/EE271labs/Lab8/Labfiles/User_Input.sv     ;         ;
; seg7.sv                          ; yes             ; User SystemVerilog HDL File  ; U:/EE271labs/Lab8/Labfiles/seg7.sv           ;         ;
+----------------------------------+-----------------+------------------------------+----------------------------------------------+---------+


+--------------------------------------------------------------------------------+
; Analysis & Synthesis Resource Usage Summary                                    ;
+---------------------------------------------+----------------------------------+
; Resource                                    ; Usage                            ;
+---------------------------------------------+----------------------------------+
; Estimate of Logic utilization (ALMs needed) ; 329                              ;
;                                             ;                                  ;
; Combinational ALUT usage for logic          ; 456                              ;
;     -- 7 input functions                    ; 15                               ;
;     -- 6 input functions                    ; 181                              ;
;     -- 5 input functions                    ; 121                              ;
;     -- 4 input functions                    ; 62                               ;
;     -- <=3 input functions                  ; 77                               ;
;                                             ;                                  ;
; Dedicated logic registers                   ; 108                              ;
;                                             ;                                  ;
; I/O pins                                    ; 103                              ;
;                                             ;                                  ;
; Total DSP Blocks                            ; 0                                ;
;                                             ;                                  ;
; Maximum fan-out node                        ; FroggerGame:game_inst|frogCol[3] ;
; Maximum fan-out                             ; 198                              ;
; Total fan-out                               ; 2712                             ;
; Average fan-out                             ; 3.52                             ;
+---------------------------------------------+----------------------------------+


+--------------------------------------------------------------------------------------------------------------------------------------------------------------------------------------------------------------------------------------+
; Analysis & Synthesis Resource Utilization by Entity                                                                                                                                                                                  ;
+------------------------------+---------------------+---------------------------+-------------------+------------+------+--------------+--------------------------------------------------------------+----------------+--------------+
; Compilation Hierarchy Node   ; Combinational ALUTs ; Dedicated Logic Registers ; Block Memory Bits ; DSP Blocks ; Pins ; Virtual Pins ; Full Hierarchy Name                                          ; Entity Name    ; Library Name ;
+------------------------------+---------------------+---------------------------+-------------------+------------+------+--------------+--------------------------------------------------------------+----------------+--------------+
; |DE1_SoC                     ; 456 (4)             ; 108 (0)                   ; 0                 ; 0          ; 103  ; 0            ; |DE1_SoC                                                     ; DE1_SoC        ; work         ;
;    |FroggerGame:game_inst|   ; 296 (257)           ; 78 (8)                    ; 0                 ; 0          ; 0    ; 0            ; |DE1_SoC|FroggerGame:game_inst                               ; FroggerGame    ; work         ;
;       |CarController:carGen| ; 27 (27)             ; 64 (64)                   ; 0                 ; 0          ; 0    ; 0            ; |DE1_SoC|FroggerGame:game_inst|CarController:carGen          ; CarController  ; work         ;
;       |VictoryCounter:vmod|  ; 12 (6)              ; 6 (6)                     ; 0                 ; 0          ; 0    ; 0            ; |DE1_SoC|FroggerGame:game_inst|VictoryCounter:vmod           ; VictoryCounter ; work         ;
;          |seg7:winR|         ; 6 (6)               ; 0 (0)                     ; 0                 ; 0          ; 0    ; 0            ; |DE1_SoC|FroggerGame:game_inst|VictoryCounter:vmod|seg7:winR ; seg7           ; work         ;
;    |LEDDriver:driver_inst|   ; 142 (142)           ; 4 (4)                     ; 0                 ; 0          ; 0    ; 0            ; |DE1_SoC|LEDDriver:driver_inst                               ; LEDDriver      ; work         ;
;    |User_Input:down_in|      ; 0 (0)               ; 3 (3)                     ; 0                 ; 0          ; 0    ; 0            ; |DE1_SoC|User_Input:down_in                                  ; User_Input     ; work         ;
;    |User_Input:left_in|      ; 0 (0)               ; 3 (3)                     ; 0                 ; 0          ; 0    ; 0            ; |DE1_SoC|User_Input:left_in                                  ; User_Input     ; work         ;
;    |User_Input:right_in|     ; 0 (0)               ; 3 (3)                     ; 0                 ; 0          ; 0    ; 0            ; |DE1_SoC|User_Input:right_in                                 ; User_Input     ; work         ;
;    |User_Input:up_in|        ; 0 (0)               ; 3 (3)                     ; 0                 ; 0          ; 0    ; 0            ; |DE1_SoC|User_Input:up_in                                    ; User_Input     ; work         ;
;    |clock_divider:cdiv|      ; 14 (14)             ; 14 (14)                   ; 0                 ; 0          ; 0    ; 0            ; |DE1_SoC|clock_divider:cdiv                                  ; clock_divider  ; work         ;
+------------------------------+---------------------+---------------------------+-------------------+------------+------+--------------+--------------------------------------------------------------+----------------+--------------+
Note: For table entries with two numbers listed, the numbers in parentheses indicate the number of resources of the given type used by the specific entity alone. The numbers listed outside of parentheses indicate the total resources of the given type used by the specific entity and all of its sub-entities in the hierarchy.


+--------------------------------------------------------------------------------------------------------------------------------------+
; Registers Removed During Synthesis                                                                                                   ;
+--------------------------------------------------------------+-----------------------------------------------------------------------+
; Register name                                                ; Reason for Removal                                                    ;
+--------------------------------------------------------------+-----------------------------------------------------------------------+
; User_Input:right_in|ps[1..31]                                ; Stuck at GND due to stuck port data_in                                ;
; User_Input:left_in|ps[1..31]                                 ; Stuck at GND due to stuck port data_in                                ;
; User_Input:down_in|ps[1..31]                                 ; Stuck at GND due to stuck port data_in                                ;
; User_Input:up_in|ps[1..31]                                   ; Stuck at GND due to stuck port data_in                                ;
; FroggerGame:game_inst|CarController:carGen|lane13_reg[15]    ; Merged with FroggerGame:game_inst|CarController:carGen|lane12_reg[15] ;
; FroggerGame:game_inst|CarController:carGen|lane14_reg[15]    ; Merged with FroggerGame:game_inst|CarController:carGen|lane12_reg[15] ;
; FroggerGame:game_inst|CarController:carGen|lane7_reg[15]     ; Merged with FroggerGame:game_inst|CarController:carGen|lane12_reg[15] ;
; FroggerGame:game_inst|CarController:carGen|lane1_reg[2]      ; Merged with FroggerGame:game_inst|CarController:carGen|lane11_reg[15] ;
; FroggerGame:game_inst|CarController:carGen|lane2_reg[6]      ; Merged with FroggerGame:game_inst|CarController:carGen|lane11_reg[15] ;
; FroggerGame:game_inst|CarController:carGen|lane3_reg[14]     ; Merged with FroggerGame:game_inst|CarController:carGen|lane11_reg[15] ;
; FroggerGame:game_inst|CarController:carGen|lane5_reg[10]     ; Merged with FroggerGame:game_inst|CarController:carGen|lane11_reg[15] ;
; FroggerGame:game_inst|CarController:carGen|lane1_reg[7]      ; Merged with FroggerGame:game_inst|CarController:carGen|lane11_reg[4]  ;
; FroggerGame:game_inst|CarController:carGen|lane2_reg[11]     ; Merged with FroggerGame:game_inst|CarController:carGen|lane11_reg[4]  ;
; FroggerGame:game_inst|CarController:carGen|lane3_reg[3]      ; Merged with FroggerGame:game_inst|CarController:carGen|lane11_reg[4]  ;
; FroggerGame:game_inst|CarController:carGen|lane5_reg[15]     ; Merged with FroggerGame:game_inst|CarController:carGen|lane11_reg[4]  ;
; FroggerGame:game_inst|CarController:carGen|lane1_reg[8]      ; Merged with FroggerGame:game_inst|CarController:carGen|lane11_reg[5]  ;
; FroggerGame:game_inst|CarController:carGen|lane2_reg[12]     ; Merged with FroggerGame:game_inst|CarController:carGen|lane11_reg[5]  ;
; FroggerGame:game_inst|CarController:carGen|lane3_reg[4]      ; Merged with FroggerGame:game_inst|CarController:carGen|lane11_reg[5]  ;
; FroggerGame:game_inst|CarController:carGen|lane5_reg[0]      ; Merged with FroggerGame:game_inst|CarController:carGen|lane11_reg[5]  ;
; FroggerGame:game_inst|CarController:carGen|lane13_reg[4]     ; Merged with FroggerGame:game_inst|CarController:carGen|lane12_reg[4]  ;
; FroggerGame:game_inst|CarController:carGen|lane14_reg[4]     ; Merged with FroggerGame:game_inst|CarController:carGen|lane12_reg[4]  ;
; FroggerGame:game_inst|CarController:carGen|lane7_reg[4]      ; Merged with FroggerGame:game_inst|CarController:carGen|lane12_reg[4]  ;
; FroggerGame:game_inst|CarController:carGen|lane13_reg[3]     ; Merged with FroggerGame:game_inst|CarController:carGen|lane12_reg[3]  ;
; FroggerGame:game_inst|CarController:carGen|lane14_reg[3]     ; Merged with FroggerGame:game_inst|CarController:carGen|lane12_reg[3]  ;
; FroggerGame:game_inst|CarController:carGen|lane7_reg[3]      ; Merged with FroggerGame:game_inst|CarController:carGen|lane12_reg[3]  ;
; FroggerGame:game_inst|CarController:carGen|lane13_reg[2]     ; Merged with FroggerGame:game_inst|CarController:carGen|lane12_reg[2]  ;
; FroggerGame:game_inst|CarController:carGen|lane14_reg[2]     ; Merged with FroggerGame:game_inst|CarController:carGen|lane12_reg[2]  ;
; FroggerGame:game_inst|CarController:carGen|lane7_reg[2]      ; Merged with FroggerGame:game_inst|CarController:carGen|lane12_reg[2]  ;
; FroggerGame:game_inst|CarController:carGen|lane13_reg[1]     ; Merged with FroggerGame:game_inst|CarController:carGen|lane12_reg[1]  ;
; FroggerGame:game_inst|CarController:carGen|lane14_reg[1]     ; Merged with FroggerGame:game_inst|CarController:carGen|lane12_reg[1]  ;
; FroggerGame:game_inst|CarController:carGen|lane7_reg[1]      ; Merged with FroggerGame:game_inst|CarController:carGen|lane12_reg[1]  ;
; FroggerGame:game_inst|CarController:carGen|lane13_reg[0]     ; Merged with FroggerGame:game_inst|CarController:carGen|lane12_reg[0]  ;
; FroggerGame:game_inst|CarController:carGen|lane14_reg[0]     ; Merged with FroggerGame:game_inst|CarController:carGen|lane12_reg[0]  ;
; FroggerGame:game_inst|CarController:carGen|lane7_reg[0]      ; Merged with FroggerGame:game_inst|CarController:carGen|lane12_reg[0]  ;
; FroggerGame:game_inst|VictoryCounter:vmod|ps[1..9,11..31]    ; Merged with FroggerGame:game_inst|VictoryCounter:vmod|ps[10]          ;
; FroggerGame:game_inst|CarController:carGen|lane1_reg[9]      ; Merged with FroggerGame:game_inst|CarController:carGen|lane11_reg[6]  ;
; FroggerGame:game_inst|CarController:carGen|lane2_reg[13]     ; Merged with FroggerGame:game_inst|CarController:carGen|lane11_reg[6]  ;
; FroggerGame:game_inst|CarController:carGen|lane3_reg[5]      ; Merged with FroggerGame:game_inst|CarController:carGen|lane11_reg[6]  ;
; FroggerGame:game_inst|CarController:carGen|lane5_reg[1]      ; Merged with FroggerGame:game_inst|CarController:carGen|lane11_reg[6]  ;
; FroggerGame:game_inst|CarController:carGen|lane13_reg[5]     ; Merged with FroggerGame:game_inst|CarController:carGen|lane12_reg[5]  ;
; FroggerGame:game_inst|CarController:carGen|lane14_reg[5]     ; Merged with FroggerGame:game_inst|CarController:carGen|lane12_reg[5]  ;
; FroggerGame:game_inst|CarController:carGen|lane7_reg[5]      ; Merged with FroggerGame:game_inst|CarController:carGen|lane12_reg[5]  ;
; FroggerGame:game_inst|CarController:carGen|lane1_reg[10]     ; Merged with FroggerGame:game_inst|CarController:carGen|lane11_reg[7]  ;
; FroggerGame:game_inst|CarController:carGen|lane2_reg[14]     ; Merged with FroggerGame:game_inst|CarController:carGen|lane11_reg[7]  ;
; FroggerGame:game_inst|CarController:carGen|lane3_reg[6]      ; Merged with FroggerGame:game_inst|CarController:carGen|lane11_reg[7]  ;
; FroggerGame:game_inst|CarController:carGen|lane5_reg[2]      ; Merged with FroggerGame:game_inst|CarController:carGen|lane11_reg[7]  ;
; FroggerGame:game_inst|CarController:carGen|lane13_reg[6]     ; Merged with FroggerGame:game_inst|CarController:carGen|lane12_reg[6]  ;
; FroggerGame:game_inst|CarController:carGen|lane14_reg[6]     ; Merged with FroggerGame:game_inst|CarController:carGen|lane12_reg[6]  ;
; FroggerGame:game_inst|CarController:carGen|lane7_reg[6]      ; Merged with FroggerGame:game_inst|CarController:carGen|lane12_reg[6]  ;
; FroggerGame:game_inst|CarController:carGen|lane1_reg[11]     ; Merged with FroggerGame:game_inst|CarController:carGen|lane11_reg[8]  ;
; FroggerGame:game_inst|CarController:carGen|lane2_reg[15]     ; Merged with FroggerGame:game_inst|CarController:carGen|lane11_reg[8]  ;
; FroggerGame:game_inst|CarController:carGen|lane3_reg[7]      ; Merged with FroggerGame:game_inst|CarController:carGen|lane11_reg[8]  ;
; FroggerGame:game_inst|CarController:carGen|lane5_reg[3]      ; Merged with FroggerGame:game_inst|CarController:carGen|lane11_reg[8]  ;
; FroggerGame:game_inst|CarController:carGen|lane13_reg[7]     ; Merged with FroggerGame:game_inst|CarController:carGen|lane12_reg[7]  ;
; FroggerGame:game_inst|CarController:carGen|lane14_reg[7]     ; Merged with FroggerGame:game_inst|CarController:carGen|lane12_reg[7]  ;
; FroggerGame:game_inst|CarController:carGen|lane7_reg[7]      ; Merged with FroggerGame:game_inst|CarController:carGen|lane12_reg[7]  ;
; FroggerGame:game_inst|CarController:carGen|lane13_reg[8]     ; Merged with FroggerGame:game_inst|CarController:carGen|lane12_reg[8]  ;
; FroggerGame:game_inst|CarController:carGen|lane14_reg[8]     ; Merged with FroggerGame:game_inst|CarController:carGen|lane12_reg[8]  ;
; FroggerGame:game_inst|CarController:carGen|lane7_reg[8]      ; Merged with FroggerGame:game_inst|CarController:carGen|lane12_reg[8]  ;
; FroggerGame:game_inst|CarController:carGen|lane1_reg[12]     ; Merged with FroggerGame:game_inst|CarController:carGen|lane11_reg[9]  ;
; FroggerGame:game_inst|CarController:carGen|lane2_reg[0]      ; Merged with FroggerGame:game_inst|CarController:carGen|lane11_reg[9]  ;
; FroggerGame:game_inst|CarController:carGen|lane3_reg[8]      ; Merged with FroggerGame:game_inst|CarController:carGen|lane11_reg[9]  ;
; FroggerGame:game_inst|CarController:carGen|lane5_reg[4]      ; Merged with FroggerGame:game_inst|CarController:carGen|lane11_reg[9]  ;
; FroggerGame:game_inst|CarController:carGen|lane1_reg[4]      ; Merged with FroggerGame:game_inst|CarController:carGen|lane11_reg[1]  ;
; FroggerGame:game_inst|CarController:carGen|lane2_reg[8]      ; Merged with FroggerGame:game_inst|CarController:carGen|lane11_reg[1]  ;
; FroggerGame:game_inst|CarController:carGen|lane3_reg[0]      ; Merged with FroggerGame:game_inst|CarController:carGen|lane11_reg[1]  ;
; FroggerGame:game_inst|CarController:carGen|lane5_reg[12]     ; Merged with FroggerGame:game_inst|CarController:carGen|lane11_reg[1]  ;
; FroggerGame:game_inst|CarController:carGen|lane13_reg[9]     ; Merged with FroggerGame:game_inst|CarController:carGen|lane12_reg[9]  ;
; FroggerGame:game_inst|CarController:carGen|lane14_reg[9]     ; Merged with FroggerGame:game_inst|CarController:carGen|lane12_reg[9]  ;
; FroggerGame:game_inst|CarController:carGen|lane7_reg[9]      ; Merged with FroggerGame:game_inst|CarController:carGen|lane12_reg[9]  ;
; FroggerGame:game_inst|CarController:carGen|lane1_reg[13]     ; Merged with FroggerGame:game_inst|CarController:carGen|lane11_reg[10] ;
; FroggerGame:game_inst|CarController:carGen|lane2_reg[1]      ; Merged with FroggerGame:game_inst|CarController:carGen|lane11_reg[10] ;
; FroggerGame:game_inst|CarController:carGen|lane3_reg[9]      ; Merged with FroggerGame:game_inst|CarController:carGen|lane11_reg[10] ;
; FroggerGame:game_inst|CarController:carGen|lane5_reg[5]      ; Merged with FroggerGame:game_inst|CarController:carGen|lane11_reg[10] ;
; FroggerGame:game_inst|CarController:carGen|lane1_reg[5]      ; Merged with FroggerGame:game_inst|CarController:carGen|lane11_reg[2]  ;
; FroggerGame:game_inst|CarController:carGen|lane2_reg[9]      ; Merged with FroggerGame:game_inst|CarController:carGen|lane11_reg[2]  ;
; FroggerGame:game_inst|CarController:carGen|lane3_reg[1]      ; Merged with FroggerGame:game_inst|CarController:carGen|lane11_reg[2]  ;
; FroggerGame:game_inst|CarController:carGen|lane5_reg[13]     ; Merged with FroggerGame:game_inst|CarController:carGen|lane11_reg[2]  ;
; FroggerGame:game_inst|CarController:carGen|lane13_reg[10]    ; Merged with FroggerGame:game_inst|CarController:carGen|lane12_reg[10] ;
; FroggerGame:game_inst|CarController:carGen|lane14_reg[10]    ; Merged with FroggerGame:game_inst|CarController:carGen|lane12_reg[10] ;
; FroggerGame:game_inst|CarController:carGen|lane7_reg[10]     ; Merged with FroggerGame:game_inst|CarController:carGen|lane12_reg[10] ;
; FroggerGame:game_inst|CarController:carGen|lane1_reg[14]     ; Merged with FroggerGame:game_inst|CarController:carGen|lane11_reg[11] ;
; FroggerGame:game_inst|CarController:carGen|lane2_reg[2]      ; Merged with FroggerGame:game_inst|CarController:carGen|lane11_reg[11] ;
; FroggerGame:game_inst|CarController:carGen|lane3_reg[10]     ; Merged with FroggerGame:game_inst|CarController:carGen|lane11_reg[11] ;
; FroggerGame:game_inst|CarController:carGen|lane5_reg[6]      ; Merged with FroggerGame:game_inst|CarController:carGen|lane11_reg[11] ;
; FroggerGame:game_inst|CarController:carGen|lane1_reg[6]      ; Merged with FroggerGame:game_inst|CarController:carGen|lane11_reg[3]  ;
; FroggerGame:game_inst|CarController:carGen|lane2_reg[10]     ; Merged with FroggerGame:game_inst|CarController:carGen|lane11_reg[3]  ;
; FroggerGame:game_inst|CarController:carGen|lane3_reg[2]      ; Merged with FroggerGame:game_inst|CarController:carGen|lane11_reg[3]  ;
; FroggerGame:game_inst|CarController:carGen|lane5_reg[14]     ; Merged with FroggerGame:game_inst|CarController:carGen|lane11_reg[3]  ;
; FroggerGame:game_inst|CarController:carGen|lane13_reg[11]    ; Merged with FroggerGame:game_inst|CarController:carGen|lane12_reg[11] ;
; FroggerGame:game_inst|CarController:carGen|lane14_reg[11]    ; Merged with FroggerGame:game_inst|CarController:carGen|lane12_reg[11] ;
; FroggerGame:game_inst|CarController:carGen|lane7_reg[11]     ; Merged with FroggerGame:game_inst|CarController:carGen|lane12_reg[11] ;
; FroggerGame:game_inst|CarController:carGen|lane1_reg[15]     ; Merged with FroggerGame:game_inst|CarController:carGen|lane11_reg[12] ;
; FroggerGame:game_inst|CarController:carGen|lane2_reg[3]      ; Merged with FroggerGame:game_inst|CarController:carGen|lane11_reg[12] ;
; FroggerGame:game_inst|CarController:carGen|lane3_reg[11]     ; Merged with FroggerGame:game_inst|CarController:carGen|lane11_reg[12] ;
; FroggerGame:game_inst|CarController:carGen|lane5_reg[7]      ; Merged with FroggerGame:game_inst|CarController:carGen|lane11_reg[12] ;
; FroggerGame:game_inst|CarController:carGen|lane13_reg[12]    ; Merged with FroggerGame:game_inst|CarController:carGen|lane12_reg[12] ;
; FroggerGame:game_inst|CarController:carGen|lane14_reg[12]    ; Merged with FroggerGame:game_inst|CarController:carGen|lane12_reg[12] ;
; FroggerGame:game_inst|CarController:carGen|lane7_reg[12]     ; Merged with FroggerGame:game_inst|CarController:carGen|lane12_reg[12] ;
; FroggerGame:game_inst|CarController:carGen|lane1_reg[0]      ; Merged with FroggerGame:game_inst|CarController:carGen|lane11_reg[13] ;
; FroggerGame:game_inst|CarController:carGen|lane2_reg[4]      ; Merged with FroggerGame:game_inst|CarController:carGen|lane11_reg[13] ;
; FroggerGame:game_inst|CarController:carGen|lane3_reg[12]     ; Merged with FroggerGame:game_inst|CarController:carGen|lane11_reg[13] ;
; FroggerGame:game_inst|CarController:carGen|lane5_reg[8]      ; Merged with FroggerGame:game_inst|CarController:carGen|lane11_reg[13] ;
; FroggerGame:game_inst|CarController:carGen|lane13_reg[13]    ; Merged with FroggerGame:game_inst|CarController:carGen|lane12_reg[13] ;
; FroggerGame:game_inst|CarController:carGen|lane14_reg[13]    ; Merged with FroggerGame:game_inst|CarController:carGen|lane12_reg[13] ;
; FroggerGame:game_inst|CarController:carGen|lane7_reg[13]     ; Merged with FroggerGame:game_inst|CarController:carGen|lane12_reg[13] ;
; FroggerGame:game_inst|CarController:carGen|lane1_reg[1]      ; Merged with FroggerGame:game_inst|CarController:carGen|lane11_reg[14] ;
; FroggerGame:game_inst|CarController:carGen|lane2_reg[5]      ; Merged with FroggerGame:game_inst|CarController:carGen|lane11_reg[14] ;
; FroggerGame:game_inst|CarController:carGen|lane3_reg[13]     ; Merged with FroggerGame:game_inst|CarController:carGen|lane11_reg[14] ;
; FroggerGame:game_inst|CarController:carGen|lane5_reg[9]      ; Merged with FroggerGame:game_inst|CarController:carGen|lane11_reg[14] ;
; FroggerGame:game_inst|CarController:carGen|lane13_reg[14]    ; Merged with FroggerGame:game_inst|CarController:carGen|lane12_reg[14] ;
; FroggerGame:game_inst|CarController:carGen|lane14_reg[14]    ; Merged with FroggerGame:game_inst|CarController:carGen|lane12_reg[14] ;
; FroggerGame:game_inst|CarController:carGen|lane7_reg[14]     ; Merged with FroggerGame:game_inst|CarController:carGen|lane12_reg[14] ;
; FroggerGame:game_inst|CarController:carGen|lane1_reg[3]      ; Merged with FroggerGame:game_inst|CarController:carGen|lane11_reg[0]  ;
; FroggerGame:game_inst|CarController:carGen|lane2_reg[7]      ; Merged with FroggerGame:game_inst|CarController:carGen|lane11_reg[0]  ;
; FroggerGame:game_inst|CarController:carGen|lane3_reg[15]     ; Merged with FroggerGame:game_inst|CarController:carGen|lane11_reg[0]  ;
; FroggerGame:game_inst|CarController:carGen|lane5_reg[11]     ; Merged with FroggerGame:game_inst|CarController:carGen|lane11_reg[0]  ;
; FroggerGame:game_inst|CarController:carGen|lane10_reg[1..15] ; Merged with FroggerGame:game_inst|CarController:carGen|lane10_reg[0]  ;
; FroggerGame:game_inst|CarController:carGen|lane4_reg[0..15]  ; Merged with FroggerGame:game_inst|CarController:carGen|lane10_reg[0]  ;
; FroggerGame:game_inst|VictoryCounter:vmod|ps[10]             ; Stuck at GND due to stuck port data_in                                ;
; FroggerGame:game_inst|CarController:carGen|lane10_reg[0]     ; Stuck at GND due to stuck port data_in                                ;
; clock_divider:cdiv|divided_clocks[14..31]                    ; Lost fanout                                                           ;
; Total Number of Removed Registers = 317                      ;                                                                       ;
+--------------------------------------------------------------+-----------------------------------------------------------------------+


+------------------------------------------------------+
; General Register Statistics                          ;
+----------------------------------------------+-------+
; Statistic                                    ; Value ;
+----------------------------------------------+-------+
; Total registers                              ; 108   ;
; Number of registers using Synchronous Clear  ; 76    ;
; Number of registers using Synchronous Load   ; 0     ;
; Number of registers using Asynchronous Clear ; 0     ;
; Number of registers using Asynchronous Load  ; 0     ;
; Number of registers using Clock Enable       ; 58    ;
; Number of registers using Preset             ; 0     ;
+----------------------------------------------+-------+


+----------------------------------------------------------------------------------------------------------------------------------------------------------------------------------+
; Multiplexer Restructuring Statistics (Restructuring Performed)                                                                                                                   ;
+--------------------+-----------+---------------+----------------------+------------------------+------------+--------------------------------------------------------------------+
; Multiplexer Inputs ; Bus Width ; Baseline Area ; Area if Restructured ; Saving if Restructured ; Registered ; Example Multiplexer Output                                         ;
+--------------------+-----------+---------------+----------------------+------------------------+------------+--------------------------------------------------------------------+
; 3:1                ; 4 bits    ; 8 LEs         ; 4 LEs                ; 4 LEs                  ; Yes        ; |DE1_SoC|FroggerGame:game_inst|VictoryCounter:vmod|score[0]        ;
; 3:1                ; 6 bits    ; 12 LEs        ; 6 LEs                ; 6 LEs                  ; Yes        ; |DE1_SoC|FroggerGame:game_inst|CarController:carGen|lane12_reg[15] ;
; 3:1                ; 42 bits   ; 84 LEs        ; 0 LEs                ; 84 LEs                 ; Yes        ; |DE1_SoC|FroggerGame:game_inst|CarController:carGen|lane6_reg[5]   ;
; 3:1                ; 16 bits   ; 32 LEs        ; 0 LEs                ; 32 LEs                 ; Yes        ; |DE1_SoC|FroggerGame:game_inst|CarController:carGen|slowCount[6]   ;
; 11:1               ; 4 bits    ; 28 LEs        ; 8 LEs                ; 20 LEs                 ; Yes        ; |DE1_SoC|FroggerGame:game_inst|frogRow[0]                          ;
; 11:1               ; 3 bits    ; 21 LEs        ; 6 LEs                ; 15 LEs                 ; Yes        ; |DE1_SoC|FroggerGame:game_inst|frogCol[0]                          ;
; 4:1                ; 4 bits    ; 8 LEs         ; 8 LEs                ; 0 LEs                  ; No         ; |DE1_SoC|FroggerGame:game_inst|Mux0                                ;
; 4:1                ; 4 bits    ; 8 LEs         ; 8 LEs                ; 0 LEs                  ; No         ; |DE1_SoC|FroggerGame:game_inst|Mux0                                ;
; 16:1               ; 16 bits   ; 160 LEs       ; 160 LEs              ; 0 LEs                  ; No         ; |DE1_SoC|LEDDriver:driver_inst|Mux0                                ;
; 16:1               ; 2 bits    ; 20 LEs        ; 20 LEs               ; 0 LEs                  ; No         ; |DE1_SoC|FroggerGame:game_inst|Mux5                                ;
; 11:1               ; 16 bits   ; 112 LEs       ; 96 LEs               ; 16 LEs                 ; No         ; |DE1_SoC|LEDDriver:driver_inst|Mux23                               ;
+--------------------+-----------+---------------+----------------------+------------------------+------------+--------------------------------------------------------------------+


+--------------------------------------------------------------------+
; Parameter Settings for User Entity Instance: LEDDriver:driver_inst ;
+----------------+-------+-------------------------------------------+
; Parameter Name ; Value ; Type                                      ;
+----------------+-------+-------------------------------------------+
; FREQDIV        ; 0     ; Signed Integer                            ;
+----------------+-------+-------------------------------------------+
Note: In order to hide this table in the UI and the text report file, please set the "Show Parameter Settings in Synthesis Report" option in "Analysis and Synthesis Settings -> More Settings" to "Off".


+---------------------------------------------------+
; Port Connectivity Checks: "LEDDriver:driver_inst" ;
+-------------+-------+----------+------------------+
; Port        ; Type  ; Severity ; Details          ;
+-------------+-------+----------+------------------+
; EnableCount ; Input ; Info     ; Stuck at VCC     ;
+-------------+-------+----------+------------------+


+----------------------------------------------------------------------------------------------------------------------------------+
; Port Connectivity Checks: "clock_divider:cdiv"                                                                                   ;
+------------------------+--------+----------+-------------------------------------------------------------------------------------+
; Port                   ; Type   ; Severity ; Details                                                                             ;
+------------------------+--------+----------+-------------------------------------------------------------------------------------+
; divided_clocks[31..14] ; Output ; Info     ; Connected to dangling logic. Logic that only feeds a dangling port will be removed. ;
; divided_clocks[12..0]  ; Output ; Info     ; Connected to dangling logic. Logic that only feeds a dangling port will be removed. ;
+------------------------+--------+----------+-------------------------------------------------------------------------------------+


+-----------------------------------------------------+
; Post-Synthesis Netlist Statistics for Top Partition ;
+-----------------------+-----------------------------+
; Type                  ; Count                       ;
+-----------------------+-----------------------------+
; arriav_ff             ; 108                         ;
;     ENA               ; 16                          ;
;     ENA SCLR          ; 42                          ;
;     SCLR              ; 34                          ;
;     plain             ; 16                          ;
; arriav_lcell_comb     ; 462                         ;
;     arith             ; 29                          ;
;         1 data inputs ; 28                          ;
;         2 data inputs ; 1                           ;
;     extend            ; 15                          ;
;         7 data inputs ; 15                          ;
;     normal            ; 418                         ;
;         0 data inputs ; 2                           ;
;         1 data inputs ; 10                          ;
;         2 data inputs ; 17                          ;
;         3 data inputs ; 25                          ;
;         4 data inputs ; 62                          ;
;         5 data inputs ; 121                         ;
;         6 data inputs ; 181                         ;
; boundary_port         ; 103                         ;
;                       ;                             ;
; Max LUT depth         ; 6.00                        ;
; Average LUT depth     ; 3.60                        ;
+-----------------------+-----------------------------+


+-------------------------------+
; Elapsed Time Per Partition    ;
+----------------+--------------+
; Partition Name ; Elapsed Time ;
+----------------+--------------+
; Top            ; 00:00:01     ;
+----------------+--------------+


+-------------------------------+
; Analysis & Synthesis Messages ;
+-------------------------------+
Info: *******************************************************************
Info: Running Quartus Prime Analysis & Synthesis
    Info: Version 17.0.0 Build 595 04/25/2017 SJ Lite Edition
    Info: Processing started: Mon Mar 10 10:12:19 2025
Info: Command: quartus_map --read_settings_files=on --write_settings_files=off DE1_SoC -c DE1_SoC
Info (20030): Parallel compilation is enabled and will use 6 of the 6 processors detected
Info (12021): Found 2 design units, including 2 entities, in source file de1_soc.sv
    Info (12023): Found entity 1: DE1_SoC File: U:/EE271labs/Lab8/Labfiles/DE1_SoC.sv Line: 1
    Info (12023): Found entity 2: DE1_SoC_testbench File: U:/EE271labs/Lab8/Labfiles/DE1_SoC.sv Line: 74
Info (12021): Found 1 design units, including 1 entities, in source file clock_divider.sv
    Info (12023): Found entity 1: clock_divider File: U:/EE271labs/Lab8/Labfiles/clock_divider.sv Line: 3
Info (12021): Found 3 design units, including 3 entities, in source file leddriver.sv
    Info (12023): Found entity 1: LEDDriver File: U:/EE271labs/Lab8/Labfiles/LEDDriver.sv Line: 13
    Info (12023): Found entity 2: LEDDriver_Test File: U:/EE271labs/Lab8/Labfiles/LEDDriver.sv Line: 34
    Info (12023): Found entity 3: LEDDriver_TestPhysical File: U:/EE271labs/Lab8/Labfiles/LEDDriver.sv Line: 71
Info (12021): Found 2 design units, including 2 entities, in source file led_test.sv
    Info (12023): Found entity 1: LED_test File: U:/EE271labs/Lab8/Labfiles/LED_test.sv Line: 1
    Info (12023): Found entity 2: LED_test_testbench File: U:/EE271labs/Lab8/Labfiles/LED_test.sv Line: 60
Info (12021): Found 2 design units, including 2 entities, in source file froggergame.sv
    Info (12023): Found entity 1: FroggerGame File: U:/EE271labs/Lab8/Labfiles/FroggerGame.sv Line: 1
    Info (12023): Found entity 2: FroggerGame_testbench File: U:/EE271labs/Lab8/Labfiles/FroggerGame.sv Line: 108
Info (12021): Found 2 design units, including 2 entities, in source file victorycounter.sv
    Info (12023): Found entity 1: VictoryCounter File: U:/EE271labs/Lab8/Labfiles/VictoryCounter.sv Line: 1
    Info (12023): Found entity 2: VictoryCounter_testbench File: U:/EE271labs/Lab8/Labfiles/VictoryCounter.sv Line: 57
Info (12021): Found 1 design units, including 1 entities, in source file carcontroller.sv
    Info (12023): Found entity 1: CarController File: U:/EE271labs/Lab8/Labfiles/CarController.sv Line: 1
Info (12021): Found 2 design units, including 2 entities, in source file user_input.sv
    Info (12023): Found entity 1: User_Input File: U:/EE271labs/Lab8/Labfiles/User_Input.sv Line: 1
    Info (12023): Found entity 2: User_Input_testbench File: U:/EE271labs/Lab8/Labfiles/User_Input.sv Line: 50
Info (12021): Found 2 design units, including 2 entities, in source file lfsr.sv
    Info (12023): Found entity 1: LFSR File: U:/EE271labs/Lab8/Labfiles/LFSR.sv Line: 1
    Info (12023): Found entity 2: LFSR_testbench File: U:/EE271labs/Lab8/Labfiles/LFSR.sv Line: 17
Info (12021): Found 1 design units, including 1 entities, in source file seg7.sv
    Info (12023): Found entity 1: seg7 File: U:/EE271labs/Lab8/Labfiles/seg7.sv Line: 1
Info (12127): Elaborating entity "DE1_SoC" for the top level hierarchy
Info (12128): Elaborating entity "clock_divider" for hierarchy "clock_divider:cdiv" File: U:/EE271labs/Lab8/Labfiles/DE1_SoC.sv Line: 26
Info (12128): Elaborating entity "User_Input" for hierarchy "User_Input:up_in" File: U:/EE271labs/Lab8/Labfiles/DE1_SoC.sv Line: 37
Info (12128): Elaborating entity "FroggerGame" for hierarchy "FroggerGame:game_inst" File: U:/EE271labs/Lab8/Labfiles/DE1_SoC.sv Line: 56
Info (12128): Elaborating entity "CarController" for hierarchy "FroggerGame:game_inst|CarController:carGen" File: U:/EE271labs/Lab8/Labfiles/FroggerGame.sv Line: 34
Info (12128): Elaborating entity "VictoryCounter" for hierarchy "FroggerGame:game_inst|VictoryCounter:vmod" File: U:/EE271labs/Lab8/Labfiles/FroggerGame.sv Line: 39
Warning (10230): Verilog HDL assignment warning at VictoryCounter.sv(45): truncated value with size 32 to match size of target (4) File: U:/EE271labs/Lab8/Labfiles/VictoryCounter.sv Line: 45
Info (12128): Elaborating entity "seg7" for hierarchy "FroggerGame:game_inst|VictoryCounter:vmod|seg7:winR" File: U:/EE271labs/Lab8/Labfiles/VictoryCounter.sv Line: 12
Info (12128): Elaborating entity "LEDDriver" for hierarchy "LEDDriver:driver_inst" File: U:/EE271labs/Lab8/Labfiles/DE1_SoC.sv Line: 67
Info (286030): Timing-Driven Synthesis is running
Info (17049): 18 registers lost all their fanouts during netlist optimizations.
Info (144001): Generated suppressed messages file U:/EE271labs/Lab8/Labfiles/output_files/DE1_SoC.map.smsg
Info (16010): Generating hard_block partition "hard_block:auto_generated_inst"
    Info (16011): Adding 0 node(s), including 0 DDIO, 0 PLL, 0 transceiver and 0 LCELL
Info (21057): Implemented 610 device resources after synthesis - the final resource count might be different
    Info (21058): Implemented 15 input pins
    Info (21059): Implemented 88 output pins
    Info (21061): Implemented 507 logic cells
Info: Quartus Prime Analysis & Synthesis was successful. 0 errors, 1 warning
    Info: Peak virtual memory: 4853 megabytes
    Info: Processing ended: Mon Mar 10 10:12:36 2025
    Info: Elapsed time: 00:00:17
    Info: Total CPU time (on all processors): 00:00:29


+------------------------------------------+
; Analysis & Synthesis Suppressed Messages ;
+------------------------------------------+
The suppressed messages can be found in U:/EE271labs/Lab8/Labfiles/output_files/DE1_SoC.map.smsg.


