Analysis & Synthesis report for DE1_SoC
Tue Feb 25 09:59:44 2025
Quartus Prime Version 17.0.0 Build 595 04/25/2017 SJ Lite Edition


---------------------
; Table of Contents ;
---------------------
  1. Legal Notice
  2. Analysis & Synthesis Summary
  3. Analysis & Synthesis Settings
  4. Parallel Compilation
  5. Analysis & Synthesis Source Files Read
  6. Analysis & Synthesis Resource Usage Summary
  7. Analysis & Synthesis Resource Utilization by Entity
  8. Registers Removed During Synthesis
  9. General Register Statistics
 10. Multiplexer Restructuring Statistics (Restructuring Performed)
 11. Port Connectivity Checks: "victory:WinnerWinnerChickenDinner|seg7:winL"
 12. Port Connectivity Checks: "victory:WinnerWinnerChickenDinner|seg7:winR"
 13. Port Connectivity Checks: "CyberPlayer:cy|comparator:cyb"
 14. Port Connectivity Checks: "normalLight:light9"
 15. Port Connectivity Checks: "normalLight:light1"
 16. Post-Synthesis Netlist Statistics for Top Partition
 17. Elapsed Time Per Partition
 18. Analysis & Synthesis Messages
 19. Analysis & Synthesis Suppressed Messages



----------------
; Legal Notice ;
----------------
Copyright (C) 2017  Intel Corporation. All rights reserved.
Your use of Intel Corporation's design tools, logic functions 
and other software and tools, and its AMPP partner logic 
functions, and any output files from any of the foregoing 
(including device programming or simulation files), and any 
associated documentation or information are expressly subject 
to the terms and conditions of the Intel Program License 
Subscription Agreement, the Intel Quartus Prime License Agreement,
the Intel MegaCore Function License Agreement, or other 
applicable license agreement, including, without limitation, 
that your use is for the sole purpose of programming logic 
devices manufactured by Intel and sold by Intel or its 
authorized distributors.  Please refer to the applicable 
agreement for further details.



+-------------------------------------------------------------------------------+
; Analysis & Synthesis Summary                                                  ;
+---------------------------------+---------------------------------------------+
; Analysis & Synthesis Status     ; Successful - Tue Feb 25 09:59:44 2025       ;
; Quartus Prime Version           ; 17.0.0 Build 595 04/25/2017 SJ Lite Edition ;
; Revision Name                   ; DE1_SoC                                     ;
; Top-level Entity Name           ; DE1_SoC                                     ;
; Family                          ; Cyclone V                                   ;
; Logic utilization (in ALMs)     ; N/A                                         ;
; Total registers                 ; 34                                          ;
; Total pins                      ; 67                                          ;
; Total virtual pins              ; 0                                           ;
; Total block memory bits         ; 0                                           ;
; Total DSP Blocks                ; 0                                           ;
; Total HSSI RX PCSs              ; 0                                           ;
; Total HSSI PMA RX Deserializers ; 0                                           ;
; Total HSSI TX PCSs              ; 0                                           ;
; Total HSSI PMA TX Serializers   ; 0                                           ;
; Total PLLs                      ; 0                                           ;
; Total DLLs                      ; 0                                           ;
+---------------------------------+---------------------------------------------+


+---------------------------------------------------------------------------------------------------------------------------+
; Analysis & Synthesis Settings                                                                                             ;
+---------------------------------------------------------------------------------+--------------------+--------------------+
; Option                                                                          ; Setting            ; Default Value      ;
+---------------------------------------------------------------------------------+--------------------+--------------------+
; Device                                                                          ; 5CSEMA5F31C6       ;                    ;
; Top-level entity name                                                           ; DE1_SoC            ; DE1_SoC            ;
; Family name                                                                     ; Cyclone V          ; Cyclone V          ;
; State Machine Processing                                                        ; User-Encoded       ; Auto               ;
; Use smart compilation                                                           ; Off                ; Off                ;
; Enable parallel Assembler and TimeQuest Timing Analyzer during compilation      ; On                 ; On                 ;
; Enable compact report table                                                     ; Off                ; Off                ;
; Restructure Multiplexers                                                        ; Auto               ; Auto               ;
; MLAB Add Timing Constraints For Mixed-Port Feed-Through Mode Setting Don't Care ; Off                ; Off                ;
; Create Debugging Nodes for IP Cores                                             ; Off                ; Off                ;
; Preserve fewer node names                                                       ; On                 ; On                 ;
; OpenCore Plus hardware evaluation                                               ; Enable             ; Enable             ;
; Verilog Version                                                                 ; Verilog_2001       ; Verilog_2001       ;
; VHDL Version                                                                    ; VHDL_1993          ; VHDL_1993          ;
; Safe State Machine                                                              ; Off                ; Off                ;
; Extract Verilog State Machines                                                  ; On                 ; On                 ;
; Extract VHDL State Machines                                                     ; On                 ; On                 ;
; Ignore Verilog initial constructs                                               ; Off                ; Off                ;
; Iteration limit for constant Verilog loops                                      ; 5000               ; 5000               ;
; Iteration limit for non-constant Verilog loops                                  ; 250                ; 250                ;
; Add Pass-Through Logic to Inferred RAMs                                         ; On                 ; On                 ;
; Infer RAMs from Raw Logic                                                       ; On                 ; On                 ;
; Parallel Synthesis                                                              ; On                 ; On                 ;
; DSP Block Balancing                                                             ; Auto               ; Auto               ;
; NOT Gate Push-Back                                                              ; On                 ; On                 ;
; Power-Up Don't Care                                                             ; On                 ; On                 ;
; Remove Redundant Logic Cells                                                    ; Off                ; Off                ;
; Remove Duplicate Registers                                                      ; On                 ; On                 ;
; Ignore CARRY Buffers                                                            ; Off                ; Off                ;
; Ignore CASCADE Buffers                                                          ; Off                ; Off                ;
; Ignore GLOBAL Buffers                                                           ; Off                ; Off                ;
; Ignore ROW GLOBAL Buffers                                                       ; Off                ; Off                ;
; Ignore LCELL Buffers                                                            ; Off                ; Off                ;
; Ignore SOFT Buffers                                                             ; On                 ; On                 ;
; Limit AHDL Integers to 32 Bits                                                  ; Off                ; Off                ;
; Optimization Technique                                                          ; Balanced           ; Balanced           ;
; Carry Chain Length                                                              ; 70                 ; 70                 ;
; Auto Carry Chains                                                               ; On                 ; On                 ;
; Auto Open-Drain Pins                                                            ; On                 ; On                 ;
; Perform WYSIWYG Primitive Resynthesis                                           ; Off                ; Off                ;
; Auto ROM Replacement                                                            ; On                 ; On                 ;
; Auto RAM Replacement                                                            ; On                 ; On                 ;
; Auto DSP Block Replacement                                                      ; On                 ; On                 ;
; Auto Shift Register Replacement                                                 ; Auto               ; Auto               ;
; Allow Shift Register Merging across Hierarchies                                 ; Auto               ; Auto               ;
; Auto Clock Enable Replacement                                                   ; On                 ; On                 ;
; Strict RAM Replacement                                                          ; Off                ; Off                ;
; Allow Synchronous Control Signals                                               ; On                 ; On                 ;
; Force Use of Synchronous Clear Signals                                          ; Off                ; Off                ;
; Auto Resource Sharing                                                           ; Off                ; Off                ;
; Allow Any RAM Size For Recognition                                              ; Off                ; Off                ;
; Allow Any ROM Size For Recognition                                              ; Off                ; Off                ;
; Allow Any Shift Register Size For Recognition                                   ; Off                ; Off                ;
; Use LogicLock Constraints during Resource Balancing                             ; On                 ; On                 ;
; Ignore translate_off and synthesis_off directives                               ; Off                ; Off                ;
; Timing-Driven Synthesis                                                         ; On                 ; On                 ;
; Report Parameter Settings                                                       ; On                 ; On                 ;
; Report Source Assignments                                                       ; On                 ; On                 ;
; Report Connectivity Checks                                                      ; On                 ; On                 ;
; Ignore Maximum Fan-Out Assignments                                              ; Off                ; Off                ;
; Synchronization Register Chain Length                                           ; 3                  ; 3                  ;
; PowerPlay Power Optimization During Synthesis                                   ; Normal compilation ; Normal compilation ;
; HDL message level                                                               ; Level2             ; Level2             ;
; Suppress Register Optimization Related Messages                                 ; Off                ; Off                ;
; Number of Removed Registers Reported in Synthesis Report                        ; 5000               ; 5000               ;
; Number of Swept Nodes Reported in Synthesis Report                              ; 5000               ; 5000               ;
; Number of Inverted Registers Reported in Synthesis Report                       ; 100                ; 100                ;
; Clock MUX Protection                                                            ; On                 ; On                 ;
; Auto Gated Clock Conversion                                                     ; Off                ; Off                ;
; Block Design Naming                                                             ; Auto               ; Auto               ;
; SDC constraint protection                                                       ; Off                ; Off                ;
; Synthesis Effort                                                                ; Auto               ; Auto               ;
; Shift Register Replacement - Allow Asynchronous Clear Signal                    ; On                 ; On                 ;
; Pre-Mapping Resynthesis Optimization                                            ; Off                ; Off                ;
; Analysis & Synthesis Message Level                                              ; Medium             ; Medium             ;
; Disable Register Merging Across Hierarchies                                     ; Auto               ; Auto               ;
; Resource Aware Inference For Block RAM                                          ; On                 ; On                 ;
; Automatic Parallel Synthesis                                                    ; On                 ; On                 ;
; Partial Reconfiguration Bitstream ID                                            ; Off                ; Off                ;
+---------------------------------------------------------------------------------+--------------------+--------------------+


+------------------------------------------+
; Parallel Compilation                     ;
+----------------------------+-------------+
; Processors                 ; Number      ;
+----------------------------+-------------+
; Number detected on machine ; 12          ;
; Maximum allowed            ; 6           ;
;                            ;             ;
; Average used               ; 1.00        ;
; Maximum used               ; 6           ;
;                            ;             ;
; Usage by Processor         ; % Time Used ;
;     Processor 1            ; 100.0%      ;
;     Processors 2-6         ;   0.0%      ;
+----------------------------+-------------+


+-----------------------------------------------------------------------------------------------------------------------------------------+
; Analysis & Synthesis Source Files Read                                                                                                  ;
+----------------------------------+-----------------+------------------------------+-------------------------------------------+---------+
; File Name with User-Entered Path ; Used in Netlist ; File Type                    ; File Name with Absolute Path              ; Library ;
+----------------------------------+-----------------+------------------------------+-------------------------------------------+---------+
; DE1_SoC.sv                       ; yes             ; User SystemVerilog HDL File  ; U:/EE271labs/Lab7/Labfiles/DE1_SoC.sv     ;         ;
; seg7.sv                          ; yes             ; User SystemVerilog HDL File  ; U:/EE271labs/Lab7/Labfiles/seg7.sv        ;         ;
; User_Input.sv                    ; yes             ; User SystemVerilog HDL File  ; U:/EE271labs/Lab7/Labfiles/User_Input.sv  ;         ;
; centerLight.sv                   ; yes             ; User SystemVerilog HDL File  ; U:/EE271labs/Lab7/Labfiles/centerLight.sv ;         ;
; normalLight.sv                   ; yes             ; User SystemVerilog HDL File  ; U:/EE271labs/Lab7/Labfiles/normalLight.sv ;         ;
; victory.sv                       ; yes             ; User SystemVerilog HDL File  ; U:/EE271labs/Lab7/Labfiles/victory.sv     ;         ;
; LFSR.sv                          ; yes             ; User SystemVerilog HDL File  ; U:/EE271labs/Lab7/Labfiles/LFSR.sv        ;         ;
; comparator.sv                    ; yes             ; User SystemVerilog HDL File  ; U:/EE271labs/Lab7/Labfiles/comparator.sv  ;         ;
; CyberPlayer.sv                   ; yes             ; User SystemVerilog HDL File  ; U:/EE271labs/Lab7/Labfiles/CyberPlayer.sv ;         ;
+----------------------------------+-----------------+------------------------------+-------------------------------------------+---------+


+-----------------------------------------------------------+
; Analysis & Synthesis Resource Usage Summary               ;
+---------------------------------------------+-------------+
; Resource                                    ; Usage       ;
+---------------------------------------------+-------------+
; Estimate of Logic utilization (ALMs needed) ; 44          ;
;                                             ;             ;
; Combinational ALUT usage for logic          ; 62          ;
;     -- 7 input functions                    ; 0           ;
;     -- 6 input functions                    ; 23          ;
;     -- 5 input functions                    ; 5           ;
;     -- 4 input functions                    ; 5           ;
;     -- <=3 input functions                  ; 29          ;
;                                             ;             ;
; Dedicated logic registers                   ; 34          ;
;                                             ;             ;
; I/O pins                                    ; 67          ;
;                                             ;             ;
; Total DSP Blocks                            ; 0           ;
;                                             ;             ;
; Maximum fan-out node                        ; SW[9]~input ;
; Maximum fan-out                             ; 35          ;
; Total fan-out                               ; 444         ;
; Average fan-out                             ; 1.93        ;
+---------------------------------------------+-------------+


+-------------------------------------------------------------------------------------------------------------------------------------------------------------------------------------------------------------------------------------+
; Analysis & Synthesis Resource Utilization by Entity                                                                                                                                                                                 ;
+----------------------------------------+---------------------+---------------------------+-------------------+------------+------+--------------+------------------------------------------------------+-------------+--------------+
; Compilation Hierarchy Node             ; Combinational ALUTs ; Dedicated Logic Registers ; Block Memory Bits ; DSP Blocks ; Pins ; Virtual Pins ; Full Hierarchy Name                                  ; Entity Name ; Library Name ;
+----------------------------------------+---------------------+---------------------------+-------------------+------------+------+--------------+------------------------------------------------------+-------------+--------------+
; |DE1_SoC                               ; 62 (1)              ; 34 (0)                    ; 0                 ; 0          ; 67   ; 0            ; |DE1_SoC                                             ; DE1_SoC     ; work         ;
;    |CyberPlayer:cy|                    ; 8 (0)               ; 10 (0)                    ; 0                 ; 0          ; 0    ; 0            ; |DE1_SoC|CyberPlayer:cy                              ; CyberPlayer ; work         ;
;       |LFSR:lfsr1|                     ; 1 (1)               ; 10 (10)                   ; 0                 ; 0          ; 0    ; 0            ; |DE1_SoC|CyberPlayer:cy|LFSR:lfsr1                   ; LFSR        ; work         ;
;       |comparator:cyb|                 ; 7 (7)               ; 0 (0)                     ; 0                 ; 0          ; 0    ; 0            ; |DE1_SoC|CyberPlayer:cy|comparator:cyb               ; comparator  ; work         ;
;    |User_Input:input0|                 ; 1 (1)               ; 3 (3)                     ; 0                 ; 0          ; 0    ; 0            ; |DE1_SoC|User_Input:input0                           ; User_Input  ; work         ;
;    |User_Input:input3|                 ; 1 (1)               ; 3 (3)                     ; 0                 ; 0          ; 0    ; 0            ; |DE1_SoC|User_Input:input3                           ; User_Input  ; work         ;
;    |centerLight:light5|                ; 4 (4)               ; 1 (1)                     ; 0                 ; 0          ; 0    ; 0            ; |DE1_SoC|centerLight:light5                          ; centerLight ; work         ;
;    |normalLight:light1|                ; 1 (1)               ; 1 (1)                     ; 0                 ; 0          ; 0    ; 0            ; |DE1_SoC|normalLight:light1                          ; normalLight ; work         ;
;    |normalLight:light2|                ; 3 (3)               ; 1 (1)                     ; 0                 ; 0          ; 0    ; 0            ; |DE1_SoC|normalLight:light2                          ; normalLight ; work         ;
;    |normalLight:light3|                ; 3 (3)               ; 1 (1)                     ; 0                 ; 0          ; 0    ; 0            ; |DE1_SoC|normalLight:light3                          ; normalLight ; work         ;
;    |normalLight:light4|                ; 3 (3)               ; 1 (1)                     ; 0                 ; 0          ; 0    ; 0            ; |DE1_SoC|normalLight:light4                          ; normalLight ; work         ;
;    |normalLight:light6|                ; 3 (3)               ; 1 (1)                     ; 0                 ; 0          ; 0    ; 0            ; |DE1_SoC|normalLight:light6                          ; normalLight ; work         ;
;    |normalLight:light7|                ; 3 (3)               ; 1 (1)                     ; 0                 ; 0          ; 0    ; 0            ; |DE1_SoC|normalLight:light7                          ; normalLight ; work         ;
;    |normalLight:light8|                ; 3 (3)               ; 1 (1)                     ; 0                 ; 0          ; 0    ; 0            ; |DE1_SoC|normalLight:light8                          ; normalLight ; work         ;
;    |normalLight:light9|                ; 1 (1)               ; 1 (1)                     ; 0                 ; 0          ; 0    ; 0            ; |DE1_SoC|normalLight:light9                          ; normalLight ; work         ;
;    |victory:WinnerWinnerChickenDinner| ; 27 (11)             ; 9 (9)                     ; 0                 ; 0          ; 0    ; 0            ; |DE1_SoC|victory:WinnerWinnerChickenDinner           ; victory     ; work         ;
;       |seg7:winL|                      ; 8 (8)               ; 0 (0)                     ; 0                 ; 0          ; 0    ; 0            ; |DE1_SoC|victory:WinnerWinnerChickenDinner|seg7:winL ; seg7        ; work         ;
;       |seg7:winR|                      ; 8 (8)               ; 0 (0)                     ; 0                 ; 0          ; 0    ; 0            ; |DE1_SoC|victory:WinnerWinnerChickenDinner|seg7:winR ; seg7        ; work         ;
+----------------------------------------+---------------------+---------------------------+-------------------+------------+------+--------------+------------------------------------------------------+-------------+--------------+
Note: For table entries with two numbers listed, the numbers in parentheses indicate the number of resources of the given type used by the specific entity alone. The numbers listed outside of parentheses indicate the total resources of the given type used by the specific entity and all of its sub-entities in the hierarchy.


+----------------------------------------------------------------------------------------------------------+
; Registers Removed During Synthesis                                                                       ;
+---------------------------------------------------+------------------------------------------------------+
; Register name                                     ; Reason for Removal                                   ;
+---------------------------------------------------+------------------------------------------------------+
; normalLight:light9|ps[1..31]                      ; Stuck at GND due to stuck port data_in               ;
; normalLight:light8|ps[1..31]                      ; Stuck at GND due to stuck port data_in               ;
; normalLight:light7|ps[1..31]                      ; Stuck at GND due to stuck port data_in               ;
; normalLight:light6|ps[1..31]                      ; Stuck at GND due to stuck port data_in               ;
; centerLight:light5|ps[1..31]                      ; Stuck at GND due to stuck port data_in               ;
; normalLight:light4|ps[1..31]                      ; Stuck at GND due to stuck port data_in               ;
; normalLight:light3|ps[1..31]                      ; Stuck at GND due to stuck port data_in               ;
; normalLight:light2|ps[1..31]                      ; Stuck at GND due to stuck port data_in               ;
; normalLight:light1|ps[1..31]                      ; Stuck at GND due to stuck port data_in               ;
; User_Input:input3|ps[1..31]                       ; Stuck at GND due to stuck port data_in               ;
; User_Input:input0|ps[1..31]                       ; Stuck at GND due to stuck port data_in               ;
; victory:WinnerWinnerChickenDinner|ps[2..9,11..31] ; Merged with victory:WinnerWinnerChickenDinner|ps[10] ;
; victory:WinnerWinnerChickenDinner|ps[10]          ; Stuck at GND due to stuck port data_in               ;
; Total Number of Removed Registers = 371           ;                                                      ;
+---------------------------------------------------+------------------------------------------------------+


+------------------------------------------------------+
; General Register Statistics                          ;
+----------------------------------------------+-------+
; Statistic                                    ; Value ;
+----------------------------------------------+-------+
; Total registers                              ; 34    ;
; Number of registers using Synchronous Clear  ; 20    ;
; Number of registers using Synchronous Load   ; 0     ;
; Number of registers using Asynchronous Clear ; 0     ;
; Number of registers using Asynchronous Load  ; 0     ;
; Number of registers using Clock Enable       ; 4     ;
; Number of registers using Preset             ; 0     ;
+----------------------------------------------+-------+


+------------------------------------------------------------------------------------------------------------------------------------------------------------------+
; Multiplexer Restructuring Statistics (Restructuring Performed)                                                                                                   ;
+--------------------+-----------+---------------+----------------------+------------------------+------------+----------------------------------------------------+
; Multiplexer Inputs ; Bus Width ; Baseline Area ; Area if Restructured ; Saving if Restructured ; Registered ; Example Multiplexer Output                         ;
+--------------------+-----------+---------------+----------------------+------------------------+------------+----------------------------------------------------+
; 3:1                ; 3 bits    ; 6 LEs         ; 3 LEs                ; 3 LEs                  ; Yes        ; |DE1_SoC|victory:WinnerWinnerChickenDinner|Rwin[0] ;
; 3:1                ; 2 bits    ; 4 LEs         ; 4 LEs                ; 0 LEs                  ; Yes        ; |DE1_SoC|victory:WinnerWinnerChickenDinner|ps[0]   ;
; 3:1                ; 3 bits    ; 6 LEs         ; 3 LEs                ; 3 LEs                  ; Yes        ; |DE1_SoC|victory:WinnerWinnerChickenDinner|Lwin[2] ;
+--------------------+-----------+---------------+----------------------+------------------------+------------+----------------------------------------------------+


+-----------------------------------------------------------------------------------------------------------------------------------------------------------------------+
; Port Connectivity Checks: "victory:WinnerWinnerChickenDinner|seg7:winL"                                                                                               ;
+------+-------+----------+---------------------------------------------------------------------------------------------------------------------------------------------+
; Port ; Type  ; Severity ; Details                                                                                                                                     ;
+------+-------+----------+---------------------------------------------------------------------------------------------------------------------------------------------+
; bcd  ; Input ; Warning  ; Input port expression (3 bits) is smaller than the input port (4 bits) it drives.  Extra input bit(s) "bcd[3..3]" will be connected to GND. ;
+------+-------+----------+---------------------------------------------------------------------------------------------------------------------------------------------+


+-----------------------------------------------------------------------------------------------------------------------------------------------------------------------+
; Port Connectivity Checks: "victory:WinnerWinnerChickenDinner|seg7:winR"                                                                                               ;
+------+-------+----------+---------------------------------------------------------------------------------------------------------------------------------------------+
; Port ; Type  ; Severity ; Details                                                                                                                                     ;
+------+-------+----------+---------------------------------------------------------------------------------------------------------------------------------------------+
; bcd  ; Input ; Warning  ; Input port expression (3 bits) is smaller than the input port (4 bits) it drives.  Extra input bit(s) "bcd[3..3]" will be connected to GND. ;
+------+-------+----------+---------------------------------------------------------------------------------------------------------------------------------------------+


+-----------------------------------------------------------+
; Port Connectivity Checks: "CyberPlayer:cy|comparator:cyb" ;
+------+-------+----------+---------------------------------+
; Port ; Type  ; Severity ; Details                         ;
+------+-------+----------+---------------------------------+
; A[9] ; Input ; Info     ; Stuck at GND                    ;
+------+-------+----------+---------------------------------+


+------------------------------------------------+
; Port Connectivity Checks: "normalLight:light9" ;
+------+-------+----------+----------------------+
; Port ; Type  ; Severity ; Details              ;
+------+-------+----------+----------------------+
; NL   ; Input ; Info     ; Stuck at GND         ;
+------+-------+----------+----------------------+


+------------------------------------------------+
; Port Connectivity Checks: "normalLight:light1" ;
+------+-------+----------+----------------------+
; Port ; Type  ; Severity ; Details              ;
+------+-------+----------+----------------------+
; NR   ; Input ; Info     ; Stuck at GND         ;
+------+-------+----------+----------------------+


+-----------------------------------------------------+
; Post-Synthesis Netlist Statistics for Top Partition ;
+-----------------------+-----------------------------+
; Type                  ; Count                       ;
+-----------------------+-----------------------------+
; arriav_ff             ; 34                          ;
;     ENA SCLR          ; 4                           ;
;     SCLR              ; 16                          ;
;     plain             ; 14                          ;
; arriav_lcell_comb     ; 73                          ;
;     normal            ; 73                          ;
;         0 data inputs ; 2                           ;
;         1 data inputs ; 10                          ;
;         2 data inputs ; 6                           ;
;         3 data inputs ; 22                          ;
;         4 data inputs ; 5                           ;
;         5 data inputs ; 5                           ;
;         6 data inputs ; 23                          ;
; boundary_port         ; 67                          ;
;                       ;                             ;
; Max LUT depth         ; 3.00                        ;
; Average LUT depth     ; 1.68                        ;
+-----------------------+-----------------------------+


+-------------------------------+
; Elapsed Time Per Partition    ;
+----------------+--------------+
; Partition Name ; Elapsed Time ;
+----------------+--------------+
; Top            ; 00:00:00     ;
+----------------+--------------+


+-------------------------------+
; Analysis & Synthesis Messages ;
+-------------------------------+
Info: *******************************************************************
Info: Running Quartus Prime Analysis & Synthesis
    Info: Version 17.0.0 Build 595 04/25/2017 SJ Lite Edition
    Info: Processing started: Tue Feb 25 09:59:29 2025
Info: Command: quartus_map --read_settings_files=on --write_settings_files=off DE1_SoC -c DE1_SoC
Info (20030): Parallel compilation is enabled and will use 6 of the 6 processors detected
Info (12021): Found 2 design units, including 2 entities, in source file mux2_1.sv
    Info (12023): Found entity 1: mux2_1 File: U:/EE271labs/Lab7/Labfiles/mux2_1.sv Line: 1
    Info (12023): Found entity 2: mux2_1_testbench File: U:/EE271labs/Lab7/Labfiles/mux2_1.sv Line: 8
Info (12021): Found 2 design units, including 2 entities, in source file mux4_1.sv
    Info (12023): Found entity 1: mux4_1 File: U:/EE271labs/Lab7/Labfiles/mux4_1.sv Line: 1
    Info (12023): Found entity 2: mux4_1_testbench File: U:/EE271labs/Lab7/Labfiles/mux4_1.sv Line: 9
Info (12021): Found 2 design units, including 2 entities, in source file de1_soc.sv
    Info (12023): Found entity 1: DE1_SoC File: U:/EE271labs/Lab7/Labfiles/DE1_SoC.sv Line: 1
    Info (12023): Found entity 2: DE1_SoC_testbench File: U:/EE271labs/Lab7/Labfiles/DE1_SoC.sv Line: 69
Info (12021): Found 2 design units, including 2 entities, in source file nordstrom.sv
    Info (12023): Found entity 1: Nordstrom File: U:/EE271labs/Lab7/Labfiles/Nordstrom.sv Line: 2
    Info (12023): Found entity 2: Nordstrom_testbench File: U:/EE271labs/Lab7/Labfiles/Nordstrom.sv Line: 28
Info (12021): Found 1 design units, including 1 entities, in source file seg7.sv
    Info (12023): Found entity 1: seg7 File: U:/EE271labs/Lab7/Labfiles/seg7.sv Line: 1
Info (12021): Found 2 design units, including 2 entities, in source file seg7x2.sv
    Info (12023): Found entity 1: seg7x2 File: U:/EE271labs/Lab7/Labfiles/seg7x2.sv Line: 1
    Info (12023): Found entity 2: seg7x2_testbench File: U:/EE271labs/Lab7/Labfiles/seg7x2.sv Line: 15
Info (12021): Found 1 design units, including 1 entities, in source file fredhouse_display.sv
    Info (12023): Found entity 1: fred_display File: U:/EE271labs/Lab7/Labfiles/FredHouse_display.sv Line: 1
Info (12021): Found 2 design units, including 2 entities, in source file fredhousemarket.sv
    Info (12023): Found entity 1: FredHouseMarket File: U:/EE271labs/Lab7/Labfiles/FredHouseMarket.sv Line: 1
    Info (12023): Found entity 2: FredHouseMarket_testbench File: U:/EE271labs/Lab7/Labfiles/FredHouseMarket.sv Line: 20
Info (12021): Found 2 design units, including 2 entities, in source file simple.sv
    Info (12023): Found entity 1: simple File: U:/EE271labs/Lab7/Labfiles/simple.sv Line: 1
    Info (12023): Found entity 2: simple_testbench File: U:/EE271labs/Lab7/Labfiles/simple.sv Line: 27
Info (12021): Found 1 design units, including 1 entities, in source file clock_divider.sv
    Info (12023): Found entity 1: clock_divider File: U:/EE271labs/Lab7/Labfiles/clock_divider.sv Line: 3
Info (12021): Found 2 design units, including 2 entities, in source file de1_soc1.sv
    Info (12023): Found entity 1: DE1_SoC1 File: U:/EE271labs/Lab7/Labfiles/DE1_SoC1.sv Line: 2
    Info (12023): Found entity 2: DE1_SoC1_testbench File: U:/EE271labs/Lab7/Labfiles/DE1_SoC1.sv Line: 23
Info (12021): Found 1 design units, including 1 entities, in source file hazard_lights.sv
    Info (12023): Found entity 1: hazard_lights File: U:/EE271labs/Lab7/Labfiles/hazard_lights.sv Line: 1
Info (12021): Found 2 design units, including 2 entities, in source file user_input.sv
    Info (12023): Found entity 1: User_Input File: U:/EE271labs/Lab7/Labfiles/User_Input.sv Line: 1
    Info (12023): Found entity 2: User_Input_testbench File: U:/EE271labs/Lab7/Labfiles/User_Input.sv Line: 50
Info (12021): Found 2 design units, including 2 entities, in source file centerlight.sv
    Info (12023): Found entity 1: centerLight File: U:/EE271labs/Lab7/Labfiles/centerLight.sv Line: 1
    Info (12023): Found entity 2: centerLight_testbench File: U:/EE271labs/Lab7/Labfiles/centerLight.sv Line: 52
Info (12021): Found 2 design units, including 2 entities, in source file normallight.sv
    Info (12023): Found entity 1: normalLight File: U:/EE271labs/Lab7/Labfiles/normalLight.sv Line: 1
    Info (12023): Found entity 2: normalLight_testbench File: U:/EE271labs/Lab7/Labfiles/normalLight.sv Line: 51
Info (12021): Found 2 design units, including 2 entities, in source file victory.sv
    Info (12023): Found entity 1: victory File: U:/EE271labs/Lab7/Labfiles/victory.sv Line: 1
    Info (12023): Found entity 2: victory_testbench File: U:/EE271labs/Lab7/Labfiles/victory.sv Line: 91
Info (12021): Found 2 design units, including 2 entities, in source file lfsr.sv
    Info (12023): Found entity 1: LFSR File: U:/EE271labs/Lab7/Labfiles/LFSR.sv Line: 1
    Info (12023): Found entity 2: LFSR_testbench File: U:/EE271labs/Lab7/Labfiles/LFSR.sv Line: 17
Info (12021): Found 2 design units, including 2 entities, in source file comparator.sv
    Info (12023): Found entity 1: comparator File: U:/EE271labs/Lab7/Labfiles/comparator.sv Line: 1
    Info (12023): Found entity 2: comparator_testbench File: U:/EE271labs/Lab7/Labfiles/comparator.sv Line: 12
Info (12021): Found 2 design units, including 2 entities, in source file cyberplayer.sv
    Info (12023): Found entity 1: CyberPlayer File: U:/EE271labs/Lab7/Labfiles/CyberPlayer.sv Line: 1
    Info (12023): Found entity 2: CyberPlayer_testbench File: U:/EE271labs/Lab7/Labfiles/CyberPlayer.sv Line: 19
Info (12127): Elaborating entity "DE1_SoC" for the top level hierarchy
Info (12128): Elaborating entity "User_Input" for hierarchy "User_Input:input0" File: U:/EE271labs/Lab7/Labfiles/DE1_SoC.sv Line: 30
Info (12128): Elaborating entity "normalLight" for hierarchy "normalLight:light1" File: U:/EE271labs/Lab7/Labfiles/DE1_SoC.sv Line: 33
Info (12128): Elaborating entity "centerLight" for hierarchy "centerLight:light5" File: U:/EE271labs/Lab7/Labfiles/DE1_SoC.sv Line: 38
Info (12128): Elaborating entity "CyberPlayer" for hierarchy "CyberPlayer:cy" File: U:/EE271labs/Lab7/Labfiles/DE1_SoC.sv Line: 46
Info (12128): Elaborating entity "LFSR" for hierarchy "CyberPlayer:cy|LFSR:lfsr1" File: U:/EE271labs/Lab7/Labfiles/CyberPlayer.sv Line: 10
Info (12128): Elaborating entity "comparator" for hierarchy "CyberPlayer:cy|comparator:cyb" File: U:/EE271labs/Lab7/Labfiles/CyberPlayer.sv Line: 11
Info (12128): Elaborating entity "victory" for hierarchy "victory:WinnerWinnerChickenDinner" File: U:/EE271labs/Lab7/Labfiles/DE1_SoC.sv Line: 50
Info (12128): Elaborating entity "seg7" for hierarchy "victory:WinnerWinnerChickenDinner|seg7:winR" File: U:/EE271labs/Lab7/Labfiles/victory.sv Line: 51
Warning (12241): 2 hierarchies have connectivity warnings - see the Connectivity Checks report folder
Info (286030): Timing-Driven Synthesis is running
Info (144001): Generated suppressed messages file U:/EE271labs/Lab7/Labfiles/output_files/DE1_SoC.map.smsg
Info (16010): Generating hard_block partition "hard_block:auto_generated_inst"
    Info (16011): Adding 0 node(s), including 0 DDIO, 0 PLL, 0 transceiver and 0 LCELL
Info (21057): Implemented 142 device resources after synthesis - the final resource count might be different
    Info (21058): Implemented 15 input pins
    Info (21059): Implemented 52 output pins
    Info (21061): Implemented 75 logic cells
Info: Quartus Prime Analysis & Synthesis was successful. 0 errors, 1 warning
    Info: Peak virtual memory: 4851 megabytes
    Info: Processing ended: Tue Feb 25 09:59:44 2025
    Info: Elapsed time: 00:00:15
    Info: Total CPU time (on all processors): 00:00:27


+------------------------------------------+
; Analysis & Synthesis Suppressed Messages ;
+------------------------------------------+
The suppressed messages can be found in U:/EE271labs/Lab7/Labfiles/output_files/DE1_SoC.map.smsg.


